This file contains any messages produced by compilers while
running configure, to aid debugging if configure makes a mistake.

It was created by configure, which was
generated by GNU Autoconf 2.52.20121002.  Invocation command line was

  $ ./configure 

## ---------- ##
## Platform.  ##
## ---------- ##

hostname = tristan-Lenovo-IdeaPad-N585
uname -m = x86_64
uname -r = 3.13.0-57-generic
uname -s = Linux
uname -v = #95-Ubuntu SMP Fri Jun 19 09:28:15 UTC 2015

/usr/bin/uname -p = unknown
/bin/uname -X     = unknown

/bin/arch              = unknown
/usr/bin/arch -k       = unknown
/usr/convex/getsysinfo = unknown
hostinfo               = unknown
/bin/machine           = unknown
/usr/bin/oslevel       = unknown
/bin/universe          = unknown

PATH = /usr/local/sbin:/usr/local/bin:/usr/sbin:/usr/bin:/sbin:/bin:/usr/games:/usr/local/games

## ------------ ##
## Core tests.  ##
## ------------ ##

configure:1097: PATH=".;."; conftest.sh
./configure: 1098: ./configure: conftest.sh: not found
configure:1100: $? = 127
configure:1149: checking build system type
configure:1167: result: x86_64-unknown-linux-gnu
configure:1174: checking host system type
configure:1188: result: x86_64-unknown-linux-gnu
configure:1196: checking target system type
configure:1210: result: x86_64-unknown-linux-gnu
configure:1242: result: Configuring for linux-gnu
configure:1278: checking for DESTDIR
configure:1323: result: 
configure:1377: checking for gcc
configure:1392: found /usr/bin/gcc
configure:1400: result: gcc
configure:1628: checking for C compiler version
configure:1631: gcc --version </dev/null >&5
gcc (Ubuntu 4.8.4-2ubuntu1~14.04) 4.8.4
Copyright (C) 2013 Free Software Foundation, Inc.
This is free software; see the source for copying conditions.  There is NO
warranty; not even for MERCHANTABILITY or FITNESS FOR A PARTICULAR PURPOSE.

configure:1634: $? = 0
configure:1636: gcc -v </dev/null >&5
Using built-in specs.
COLLECT_GCC=gcc
COLLECT_LTO_WRAPPER=/usr/lib/gcc/x86_64-linux-gnu/4.8/lto-wrapper
Target: x86_64-linux-gnu
Configured with: ../src/configure -v --with-pkgversion='Ubuntu 4.8.4-2ubuntu1~14.04' --with-bugurl=file:///usr/share/doc/gcc-4.8/README.Bugs --enable-languages=c,c++,java,go,d,fortran,objc,obj-c++ --prefix=/usr --program-suffix=-4.8 --enable-shared --enable-linker-build-id --libexecdir=/usr/lib --without-included-gettext --enable-threads=posix --with-gxx-include-dir=/usr/include/c++/4.8 --libdir=/usr/lib --enable-nls --with-sysroot=/ --enable-clocale=gnu --enable-libstdcxx-debug --enable-libstdcxx-time=yes --enable-gnu-unique-object --disable-libmudflap --enable-plugin --with-system-zlib --disable-browser-plugin --enable-java-awt=gtk --enable-gtk-cairo --with-java-home=/usr/lib/jvm/java-1.5.0-gcj-4.8-amd64/jre --enable-java-home --with-jvm-root-dir=/usr/lib/jvm/java-1.5.0-gcj-4.8-amd64 --with-jvm-jar-dir=/usr/lib/jvm-exports/java-1.5.0-gcj-4.8-amd64 --with-arch-directory=amd64 --with-ecj-jar=/usr/share/java/eclipse-ecj.jar --enable-objc-gc --enable-multiarch --disable-werror --with-arch-32=i686 --with-abi=m64 --with-multilib-list=m32,m64,mx32 --with-tune=generic --enable-checking=release --build=x86_64-linux-gnu --host=x86_64-linux-gnu --target=x86_64-linux-gnu
Thread model: posix
gcc version 4.8.4 (Ubuntu 4.8.4-2ubuntu1~14.04) 
configure:1639: $? = 0
configure:1641: gcc -V </dev/null >&5
gcc: error: unrecognized command line option '-V'
gcc: fatal error: no input files
compilation terminated.
configure:1644: $? = 4
configure:1664: checking for C compiler default output
configure:1667: gcc    conftest.c  >&5
configure:1670: $? = 0
configure:1699: result: a.out
configure:1704: checking whether the C compiler works
configure:1710: ./a.out
configure:1713: $? = 0
configure:1728: result: yes
configure:1735: checking whether we are cross compiling
configure:1737: result: no
configure:1740: checking for executable suffix
configure:1742: gcc -o conftest    conftest.c  >&5
configure:1745: $? = 0
configure:1767: result: 
configure:1773: checking for object suffix
configure:1791: gcc -c   conftest.c >&5
configure:1794: $? = 0
configure:1813: result: o
configure:1817: checking whether we are using the GNU C compiler
configure:1838: gcc -c   conftest.c >&5
configure:1841: $? = 0
configure:1844: test -s conftest.o
configure:1847: $? = 0
configure:1859: result: yes
configure:1865: checking whether gcc accepts -g
configure:1883: gcc -c -g  conftest.c >&5
configure:1886: $? = 0
configure:1889: test -s conftest.o
configure:1892: $? = 0
configure:1902: result: yes
configure:1929: gcc -c -g -O2  conftest.c >&5
conftest.c:2:3: error: unknown type name 'choke'
   choke me
   ^
conftest.c:2:3: error: expected '=', ',', ';', 'asm' or '__attribute__' at end of input
configure:1932: $? = 1
configure: failed program was:
#ifndef __cplusplus
  choke me
#endif
configure:2033: checking version of gcc
configure:2037: result: 4.8.4
configure:2041: checking for gcc option to accept ANSI C
configure:2098: gcc  -c -g -O2  conftest.c >&5
configure:2101: $? = 0
configure:2104: test -s conftest.o
configure:2107: $? = 0
configure:2124: result: none needed
configure:2135: checking $CC variable
configure:2227: result: ok
configure:2238: checking how to run the C preprocessor
configure:2264: gcc -E  conftest.c
configure:2270: $? = 0
configure:2297: gcc -E  conftest.c
configure:2294:28: fatal error: ac_nonexistent.h: No such file or directory
 #include "confdefs.h"
                            ^
compilation terminated.
configure:2303: $? = 1
configure: failed program was:
#line 2293 "configure"
#include "confdefs.h"
#include <ac_nonexistent.h>
configure:2340: result: gcc -E
configure:2355: gcc -E  conftest.c
configure:2361: $? = 0
configure:2388: gcc -E  conftest.c
configure:2385:28: fatal error: ac_nonexistent.h: No such file or directory
 #include "confdefs.h"
                            ^
compilation terminated.
configure:2394: $? = 1
configure: failed program was:
#line 2384 "configure"
#include "confdefs.h"
#include <ac_nonexistent.h>
configure:2434: checking whether ln -s works
configure:2438: result: yes
configure:2454: checking whether make sets ${MAKE}
configure:2474: result: yes
configure:2495: checking for a BSD compatible install
configure:2544: result: /usr/bin/install -c
configure:2559: checking for bison
configure:2574: found /usr/bin/bison
configure:2582: result: bison -y
configure:2597: checking for tdlint
configure:2623: result: no
configure:2597: checking for lint
configure:2623: result: no
configure:2597: checking for alint
configure:2623: result: no
configure:2597: checking for splint
configure:2623: result: no
configure:2597: checking for lclint
configure:2623: result: no
configure:2630: checking for makeflags variable
configure:2664: result: 
configure:2667: checking if filesystem supports mixed-case filenames
configure:2694: result: yes
configure:2705: checking for exctags
configure:2731: result: no
configure:2705: checking for ctags
configure:2720: found /usr/bin/ctags
configure:2728: result: ctags
configure:2742: checking for exetags
configure:2768: result: no
configure:2742: checking for etags
configure:2757: found /usr/bin/etags
configure:2765: result: etags
configure:2777: checking for ctags
configure:2792: found /usr/bin/ctags
configure:2801: result: yes
configure:2811: checking for etags
configure:2826: found /usr/bin/etags
configure:2835: result: yes
configure:2901: checking for windres
configure:2930: result: none
configure:3120: checking for ranlib
configure:3135: found /usr/bin/ranlib
configure:3144: result: ranlib
configure:3194: checking for ar
configure:3209: found /usr/bin/ar
configure:3218: result: ar
configure:3230: checking for options to update archives
configure:3256: gcc -c -g -O2  conftest.c >&5
configure:3259: $? = 0
ar  -curv conftest.a conftest.o
configure:3278: result: -curv
configure:3289: checking if you want to see long compiling messages
configure:3323: result: yes
configure:3333: checking if you want to check memory-leaks
configure:3350: result: no
configure:3360: checking if you want to enable debug-code
configure:3377: result: no
configure:3402: checking if you want to enable lynx trace code *recommended* 
configure:3419: result: yes
configure:3426: checking if you want verbose trace code
configure:3443: result: no
configure:3452: checking if you want to turn on gcc warnings
configure:3469: result: no
configure:3824: checking if you want to use dbmalloc for testing
configure:3841: result: no
configure:4036: checking if you want to use dmalloc for testing
configure:4053: result: no
configure:4663: checking $CC variable
configure:4755: result: ok
configure:4760: checking for gcc option to accept ANSI C
configure:4885: gcc -c -O2   -DCC_HAS_PROTOS conftest.c >&5
configure:4888: $? = 0
configure:4891: test -s conftest.o
configure:4894: $? = 0
configure:4907: result: -DCC_HAS_PROTOS
configure:5021: checking for special C compiler options needed for large files
configure:5095: result: no
configure:5101: checking for _FILE_OFFSET_BITS value needed for large files
configure:5129: gcc -c -O2  conftest.c >&5
configure:5132: $? = 0
configure:5135: test -s conftest.o
configure:5138: $? = 0
configure:5188: result: no
configure:5198: checking for _LARGE_FILES value needed for large files
configure:5226: gcc -c -O2  conftest.c >&5
configure:5229: $? = 0
configure:5232: test -s conftest.o
configure:5235: $? = 0
configure:5285: result: no
configure:5298: checking for _LARGEFILE_SOURCE value needed for large files
configure:5318: gcc -c -O2  conftest.c >&5
configure:5321: $? = 0
configure:5324: test -s conftest.o
configure:5327: $? = 0
configure:5369: result: no
configure:5383: checking for fseeko
configure:5401: gcc -o conftest -O2   conftest.c  >&5
configure:5404: $? = 0
configure:5407: test -s conftest
configure:5410: $? = 0
configure:5420: result: yes
configure:5441: checking whether to use struct dirent64
configure:5469: gcc -c -O2  conftest.c >&5
configure: In function 'main':
configure:5458:28: error: conflicting types for 'readdir'
   /* if transitional largefile support is setup, this is true */
                            ^
In file included from configure:5451:0:
/usr/include/dirent.h:162:23: note: previous declaration of 'readdir' was here
 extern struct dirent *readdir (DIR *__dirp) __nonnull ((1));
                       ^
configure:5460:22: warning: initialization from incompatible pointer type [enabled by default]
   struct dirent64 *x = readdir((DIR *)0);
                      ^
configure:5461:13: error: invalid operands to binary - (have 'struct dirent64 *' and 'struct dirent *')
   struct dirent *y = readdir((DIR *)0);
             ^
configure:5472: $? = 1
configure: failed program was:
#line 5448 "configure"
#include "confdefs.h"

#include <sys/types.h>
#include <dirent.h>

int
main ()
{

		/* if transitional largefile support is setup, this is true */
		extern struct dirent64 * readdir(DIR *);
		struct dirent64 *x = readdir((DIR *)0);
		struct dirent *y = readdir((DIR *)0);
		int z = x - y;

  ;
  return 0;
}
configure:5489: result: no
configure:5501: checking for PATH separator
configure:5508: result: :
configure:5514: checking for msginit
configure:5541: result: /usr/bin/msginit
configure:5551: testing adding en.po ...
configure:5595: checking for ranlib
configure:5619: result: ranlib
configure:5631: checking for ANSI C header files
configure:5645: gcc -E  conftest.c
configure:5651: $? = 0
configure:5738: gcc -o conftest -O2   conftest.c  >&5
configure:5741: $? = 0
configure:5743: ./conftest
configure:5746: $? = 0
configure:5759: result: yes
configure:5769: checking for inline
configure:5786: gcc -c -O2  conftest.c >&5
configure:5789: $? = 0
configure:5792: test -s conftest.o
configure:5795: $? = 0
configure:5806: result: inline
configure:5827: checking for sys/types.h
configure:5839: gcc -c -O2  conftest.c >&5
configure:5842: $? = 0
configure:5845: test -s conftest.o
configure:5848: $? = 0
configure:5858: result: yes
configure:5827: checking for sys/stat.h
configure:5839: gcc -c -O2  conftest.c >&5
configure:5842: $? = 0
configure:5845: test -s conftest.o
configure:5848: $? = 0
configure:5858: result: yes
configure:5827: checking for stdlib.h
configure:5839: gcc -c -O2  conftest.c >&5
configure:5842: $? = 0
configure:5845: test -s conftest.o
configure:5848: $? = 0
configure:5858: result: yes
configure:5827: checking for string.h
configure:5839: gcc -c -O2  conftest.c >&5
configure:5842: $? = 0
configure:5845: test -s conftest.o
configure:5848: $? = 0
configure:5858: result: yes
configure:5827: checking for memory.h
configure:5839: gcc -c -O2  conftest.c >&5
configure:5842: $? = 0
configure:5845: test -s conftest.o
configure:5848: $? = 0
configure:5858: result: yes
configure:5827: checking for strings.h
configure:5839: gcc -c -O2  conftest.c >&5
configure:5842: $? = 0
configure:5845: test -s conftest.o
configure:5848: $? = 0
configure:5858: result: yes
configure:5827: checking for inttypes.h
configure:5839: gcc -c -O2  conftest.c >&5
configure:5842: $? = 0
configure:5845: test -s conftest.o
configure:5848: $? = 0
configure:5858: result: yes
configure:5827: checking for stdint.h
configure:5839: gcc -c -O2  conftest.c >&5
configure:5842: $? = 0
configure:5845: test -s conftest.o
configure:5848: $? = 0
configure:5858: result: yes
configure:5827: checking for unistd.h
configure:5839: gcc -c -O2  conftest.c >&5
configure:5842: $? = 0
configure:5845: test -s conftest.o
configure:5848: $? = 0
configure:5858: result: yes
configure:5868: checking for off_t
configure:5889: gcc -c -O2  conftest.c >&5
configure:5892: $? = 0
configure:5895: test -s conftest.o
configure:5898: $? = 0
configure:5908: result: yes
configure:5920: checking for size_t
configure:5941: gcc -c -O2  conftest.c >&5
configure:5944: $? = 0
configure:5947: test -s conftest.o
configure:5950: $? = 0
configure:5960: result: yes
configure:5974: checking for working alloca.h
configure:5992: gcc -o conftest -O2   conftest.c  >&5
configure:5995: $? = 0
configure:5998: test -s conftest
configure:6001: $? = 0
configure:6011: result: yes
configure:6021: checking for alloca
configure:6059: gcc -o conftest -O2   conftest.c  >&5
configure:6062: $? = 0
configure:6065: test -s conftest
configure:6068: $? = 0
configure:6078: result: yes
configure:6262: checking for stdlib.h
configure:6297: result: yes
configure:6262: checking for unistd.h
configure:6297: result: yes
configure:6310: checking for getpagesize
configure:6347: gcc -o conftest -O2   conftest.c  >&5
configure:6350: $? = 0
configure:6353: test -s conftest
configure:6356: $? = 0
configure:6366: result: yes
configure:6376: checking for working mmap
configure:6512: gcc -o conftest -O2   conftest.c  >&5
configure: In function 'main':
configure:6518:25: warning: cast from pointer to integer of different size [-Wpointer-to-int-cast]
   (eval $ac_try) 2>&5
                         ^
configure:6515: $? = 0
configure:6517: ./conftest
configure:6520: $? = 0
configure:6532: result: yes
configure:6543: checking whether we are using the GNU C Library 2.1 or newer
configure:6569: result: yes
configure:6599: checking for argz.h
configure:6609: gcc -E  conftest.c
configure:6615: $? = 0
configure:6634: result: yes
configure:6599: checking for limits.h
configure:6609: gcc -E  conftest.c
configure:6615: $? = 0
configure:6634: result: yes
configure:6599: checking for locale.h
configure:6609: gcc -E  conftest.c
configure:6615: $? = 0
configure:6634: result: yes
configure:6599: checking for nl_types.h
configure:6609: gcc -E  conftest.c
configure:6615: $? = 0
configure:6634: result: yes
configure:6599: checking for malloc.h
configure:6609: gcc -E  conftest.c
configure:6615: $? = 0
configure:6634: result: yes
configure:6599: checking for stddef.h
configure:6609: gcc -E  conftest.c
configure:6615: $? = 0
configure:6634: result: yes
configure:6599: checking for stdlib.h
configure:6634: result: yes
configure:6599: checking for string.h
configure:6634: result: yes
configure:6599: checking for unistd.h
configure:6634: result: yes
configure:6599: checking for sys/param.h
configure:6609: gcc -E  conftest.c
configure:6615: $? = 0
configure:6634: result: yes
configure:6649: checking for feof_unlocked
configure:6686: gcc -o conftest -O2   conftest.c  >&5
configure:6689: $? = 0
configure:6692: test -s conftest
configure:6695: $? = 0
configure:6705: result: yes
configure:6649: checking for fgets_unlocked
configure:6686: gcc -o conftest -O2   conftest.c  >&5
configure:6689: $? = 0
configure:6692: test -s conftest
configure:6695: $? = 0
configure:6705: result: yes
configure:6649: checking for getcwd
configure:6686: gcc -o conftest -O2   conftest.c  >&5
configure:6689: $? = 0
configure:6692: test -s conftest
configure:6695: $? = 0
configure:6705: result: yes
configure:6649: checking for getegid
configure:6686: gcc -o conftest -O2   conftest.c  >&5
configure:6689: $? = 0
configure:6692: test -s conftest
configure:6695: $? = 0
configure:6705: result: yes
configure:6649: checking for geteuid
configure:6686: gcc -o conftest -O2   conftest.c  >&5
configure:6689: $? = 0
configure:6692: test -s conftest
configure:6695: $? = 0
configure:6705: result: yes
configure:6649: checking for getgid
configure:6686: gcc -o conftest -O2   conftest.c  >&5
configure:6689: $? = 0
configure:6692: test -s conftest
configure:6695: $? = 0
configure:6705: result: yes
configure:6649: checking for getuid
configure:6686: gcc -o conftest -O2   conftest.c  >&5
configure:6689: $? = 0
configure:6692: test -s conftest
configure:6695: $? = 0
configure:6705: result: yes
configure:6649: checking for mempcpy
configure:6686: gcc -o conftest -O2   conftest.c  >&5
configure:6665:6: warning: conflicting types for built-in function 'mempcpy' [enabled by default]
    builtin and then its argument prototype would still apply.  */
      ^
configure:6689: $? = 0
configure:6692: test -s conftest
configure:6695: $? = 0
configure:6705: result: yes
configure:6649: checking for munmap
configure:6686: gcc -o conftest -O2   conftest.c  >&5
configure:6689: $? = 0
configure:6692: test -s conftest
configure:6695: $? = 0
configure:6705: result: yes
configure:6649: checking for putenv
configure:6686: gcc -o conftest -O2   conftest.c  >&5
configure:6689: $? = 0
configure:6692: test -s conftest
configure:6695: $? = 0
configure:6705: result: yes
configure:6649: checking for setenv
configure:6686: gcc -o conftest -O2   conftest.c  >&5
configure:6689: $? = 0
configure:6692: test -s conftest
configure:6695: $? = 0
configure:6705: result: yes
configure:6649: checking for setlocale
configure:6686: gcc -o conftest -O2   conftest.c  >&5
configure:6689: $? = 0
configure:6692: test -s conftest
configure:6695: $? = 0
configure:6705: result: yes
configure:6649: checking for stpcpy
configure:6686: gcc -o conftest -O2   conftest.c  >&5
configure:6665:6: warning: conflicting types for built-in function 'stpcpy' [enabled by default]
    builtin and then its argument prototype would still apply.  */
      ^
configure:6689: $? = 0
configure:6692: test -s conftest
configure:6695: $? = 0
configure:6705: result: yes
configure:6649: checking for strchr
configure:6686: gcc -o conftest -O2   conftest.c  >&5
configure:6665:6: warning: conflicting types for built-in function 'strchr' [enabled by default]
    builtin and then its argument prototype would still apply.  */
      ^
configure:6689: $? = 0
configure:6692: test -s conftest
configure:6695: $? = 0
configure:6705: result: yes
configure:6649: checking for strcasecmp
configure:6686: gcc -o conftest -O2   conftest.c  >&5
configure:6665:6: warning: conflicting types for built-in function 'strcasecmp' [enabled by default]
    builtin and then its argument prototype would still apply.  */
      ^
configure:6689: $? = 0
configure:6692: test -s conftest
configure:6695: $? = 0
configure:6705: result: yes
configure:6649: checking for strdup
configure:6686: gcc -o conftest -O2   conftest.c  >&5
configure:6665:6: warning: conflicting types for built-in function 'strdup' [enabled by default]
    builtin and then its argument prototype would still apply.  */
      ^
configure:6689: $? = 0
configure:6692: test -s conftest
configure:6695: $? = 0
configure:6705: result: yes
configure:6649: checking for strtoul
configure:6686: gcc -o conftest -O2   conftest.c  >&5
configure:6689: $? = 0
configure:6692: test -s conftest
configure:6695: $? = 0
configure:6705: result: yes
configure:6649: checking for tsearch
configure:6686: gcc -o conftest -O2   conftest.c  >&5
configure:6689: $? = 0
configure:6692: test -s conftest
configure:6695: $? = 0
configure:6705: result: yes
configure:6649: checking for __argz_count
configure:6686: gcc -o conftest -O2   conftest.c  >&5
configure:6689: $? = 0
configure:6692: test -s conftest
configure:6695: $? = 0
configure:6705: result: yes
configure:6649: checking for __argz_stringify
configure:6686: gcc -o conftest -O2   conftest.c  >&5
configure:6689: $? = 0
configure:6692: test -s conftest
configure:6695: $? = 0
configure:6705: result: yes
configure:6649: checking for __argz_next
configure:6686: gcc -o conftest -O2   conftest.c  >&5
configure:6689: $? = 0
configure:6692: test -s conftest
configure:6695: $? = 0
configure:6705: result: yes
configure:6960: checking for iconv
configure:6971: testing Starting FIND_LINKAGE(iconv,) ...
configure:6995: gcc -o conftest -O2   conftest.c  >&5
configure:6998: $? = 0
configure:7001: test -s conftest
configure:7004: $? = 0
configure:7409: result: yes
configure:7418: checking if the declaration of iconv() needs const.
configure:7450: gcc -c -O2  conftest.c >&5
configure:7453: $? = 0
configure:7456: test -s conftest.o
configure:7459: $? = 0
configure:7469: result: no
configure:7597: checking for nl_langinfo and CODESET
configure:7615: gcc -o conftest -O2   conftest.c  >&5
configure:7618: $? = 0
configure:7621: test -s conftest
configure:7624: $? = 0
configure:7635: result: yes
configure:7646: checking for LC_MESSAGES
configure:7664: gcc -o conftest -O2   conftest.c  >&5
configure:7667: $? = 0
configure:7670: test -s conftest
configure:7673: $? = 0
configure:7683: result: yes
configure:7693: checking whether NLS is requested
configure:7703: result: no
configure:8978: checking if you want full utility pathnames
configure:8995: result: yes
configure:9002: checking for system mailer
configure:9022: result: /usr/sbin/sendmail
configure:9029: checking system mail flags
configure:9045: result: -t -oi
configure:9096: checking if we must define _GNU_SOURCE
configure:9118: gcc -c -O2  conftest.c >&5
configure: In function 'main':
configure:9110:1: error: unknown type name 'make'
 #ifndef _XOPEN_SOURCE
 ^
configure:9110:9: error: expected '=', ',', ';', 'asm' or '__attribute__' before 'error'
 #ifndef _XOPEN_SOURCE
         ^
configure:9121: $? = 1
configure: failed program was:
#line 9103 "configure"
#include "confdefs.h"
#include <sys/types.h>
int
main ()
{

#ifndef _XOPEN_SOURCE
make an error
#endif
  ;
  return 0;
}
configure:9151: gcc -c -O2  -D_GNU_SOURCE conftest.c >&5
configure: In function 'main':
configure:9143:1: error: unknown type name 'make'
 #ifdef _XOPEN_SOURCE
 ^
configure:9143:9: error: expected '=', ',', ';', 'asm' or '__attribute__' before 'error'
 #ifdef _XOPEN_SOURCE
         ^
configure:9154: $? = 1
configure: failed program was:
#line 9136 "configure"
#include "confdefs.h"
#include <sys/types.h>
int
main ()
{

#ifdef _XOPEN_SOURCE
make an error
#endif
  ;
  return 0;
}
configure:9175: result: yes
configure:9952: checking if _XOPEN_SOURCE really is set
configure:9970: gcc -c -O2  -D_GNU_SOURCE conftest.c >&5
configure:9973: $? = 0
configure:9976: test -s conftest.o
configure:9979: $? = 0
configure:9988: result: yes
configure:10008: gcc -c -O2  -D_GNU_SOURCE conftest.c >&5
configure:10011: $? = 0
configure:10014: test -s conftest.o
configure:10017: $? = 0
configure:10218: checking if SIGWINCH is defined
configure:10240: gcc -c -O2  -D_GNU_SOURCE conftest.c >&5
configure:10243: $? = 0
configure:10246: test -s conftest.o
configure:10249: $? = 0
configure:10297: result: yes
configure:10369: testing checking additions to CFLAGS ...
configure:10448: testing add to $CPPFLAGS  -DLINUX ...
configure:10509: checking if you want NSS compatible SSL libraries
configure:10524: result: no
configure:10527: checking if you want ssl library
configure:10542: result: no
configure:10545: checking if you want gnutls support
configure:10560: result: no
configure:10564: checking if you want gnutls-openssl compat
configure:10579: result: no
configure:10582: checking if you want socks library
configure:10597: result: no
configure:10600: checking if you want socks5 library
configure:10615: result: no
configure:11867: checking for network libraries
configure:11874: result: working...
configure:11996: checking for gethostname
configure:12033: gcc -o conftest -O2  -D_GNU_SOURCE  -DLINUX  conftest.c  >&5
configure:12036: $? = 0
configure:12039: test -s conftest
configure:12042: $? = 0
configure:12052: result: yes
configure:12196: checking for main in -linet
configure:12216: gcc -o conftest -O2  -D_GNU_SOURCE  -DLINUX  conftest.c -linet   >&5
/usr/bin/ld: cannot find -linet
collect2: error: ld returned 1 exit status
configure:12219: $? = 1
configure: failed program was:
#line 12204 "configure"
#include "confdefs.h"

int
main ()
{
main ();
  ;
  return 0;
}
configure:12236: result: no
configure:12247: checking for socket
configure:12284: gcc -o conftest -O2  -D_GNU_SOURCE  -DLINUX  conftest.c  >&5
configure:12287: $? = 0
configure:12290: test -s conftest
configure:12293: $? = 0
configure:12303: result: yes
configure:12452: checking for gethostbyname
configure:12489: gcc -o conftest -O2  -D_GNU_SOURCE  -DLINUX  conftest.c  >&5
configure:12492: $? = 0
configure:12495: test -s conftest
configure:12498: $? = 0
configure:12508: result: yes
configure:12589: checking for inet_ntoa
configure:12626: gcc -o conftest -O2  -D_GNU_SOURCE  -DLINUX  conftest.c  >&5
configure:12629: $? = 0
configure:12632: test -s conftest
configure:12635: $? = 0
configure:12645: result: yes
configure:12726: checking for gethostbyname
configure:12782: result: yes
configure:12863: checking for strcasecmp
configure:12919: result: yes
configure:13017: checking for inet_aton function
configure:13059: gcc -o conftest -O2  -D_GNU_SOURCE  -DLINUX  conftest.c   >&5
configure:13062: $? = 0
configure:13065: test -s conftest
configure:13068: $? = 0
configure:13078: result: yes
configure:13212: checking if you want to use pkg-config
configure:13222: result: yes
configure:13274: checking for pkg-config
configure:13291: found /usr/bin/pkg-config
configure:13303: result: /usr/bin/pkg-config
configure:17169: checking whether to enable ipv6
configure:17186: result: no
configure:17993: checking for screen type
configure:18016: result: curses
configure:18022: checking for specific curses-directory
configure:18032: result: no
configure:18187: checking for extra include directories
configure:18213: result: no
configure:18217: checking if we have identified curses headers
configure:18241: gcc -c -O2  -D_GNU_SOURCE  -DLINUX conftest.c >&5
configure:18230:21: fatal error: ncurses.h: No such file or directory
 #include "confdefs.h"
                     ^
compilation terminated.
configure:18244: $? = 1
configure: failed program was:
#line 18229 "configure"
#include "confdefs.h"
#include <ncurses.h>
int
main ()
{
initscr(); tgoto("?", 0,0)
  ;
  return 0;
}
configure:18241: gcc -c -O2  -D_GNU_SOURCE  -DLINUX conftest.c >&5
configure:18230:20: fatal error: curses.h: No such file or directory
 #include "confdefs.h"
                    ^
compilation terminated.
configure:18244: $? = 1
configure: failed program was:
#line 18229 "configure"
#include "confdefs.h"
#include <curses.h>
int
main ()
{
initscr(); tgoto("?", 0,0)
  ;
  return 0;
}
configure:18241: gcc -c -O2  -D_GNU_SOURCE  -DLINUX conftest.c >&5
configure:18230:29: fatal error: ncurses/ncurses.h: No such file or directory
 #include "confdefs.h"
                             ^
compilation terminated.
configure:18244: $? = 1
configure: failed program was:
#line 18229 "configure"
#include "confdefs.h"
#include <ncurses/ncurses.h>
int
main ()
{
initscr(); tgoto("?", 0,0)
  ;
  return 0;
}
configure:18241: gcc -c -O2  -D_GNU_SOURCE  -DLINUX conftest.c >&5
configure:18230:28: fatal error: ncurses/curses.h: No such file or directory
 #include "confdefs.h"
                            ^
compilation terminated.
configure:18244: $? = 1
configure: failed program was:
#line 18229 "configure"
#include "confdefs.h"
#include <ncurses/curses.h>
int
main ()
{
initscr(); tgoto("?", 0,0)
  ;
  return 0;
}
configure:18261: result: none
configure:18265: error: No curses header-files found

## ----------------- ##
## Cache variables.  ##
## ----------------- ##

ac_cv_build='x86_64-unknown-linux-gnu'
ac_cv_build_alias='x86_64-unknown-linux-gnu'
ac_cv_c_compiler_gnu='yes'
ac_cv_c_inline='inline'
ac_cv_env_CC_set=''
ac_cv_env_CC_value=''
ac_cv_env_CFLAGS_set=''
ac_cv_env_CFLAGS_value=''
ac_cv_env_CPPFLAGS_set=''
ac_cv_env_CPPFLAGS_value=''
ac_cv_env_CPP_set=''
ac_cv_env_CPP_value=''
ac_cv_env_LDFLAGS_set=''
ac_cv_env_LDFLAGS_value=''
ac_cv_env_build_alias_set=''
ac_cv_env_build_alias_value=''
ac_cv_env_host_alias_set=''
ac_cv_env_host_alias_value=''
ac_cv_env_target_alias_set=''
ac_cv_env_target_alias_value=''
ac_cv_func___argz_count='yes'
ac_cv_func___argz_next='yes'
ac_cv_func___argz_stringify='yes'
ac_cv_func_alloca_works='yes'
ac_cv_func_feof_unlocked='yes'
ac_cv_func_fgets_unlocked='yes'
ac_cv_func_fseeko='yes'
ac_cv_func_getcwd='yes'
ac_cv_func_getegid='yes'
ac_cv_func_geteuid='yes'
ac_cv_func_getgid='yes'
ac_cv_func_gethostbyname='yes'
ac_cv_func_gethostname='yes'
ac_cv_func_getpagesize='yes'
ac_cv_func_getuid='yes'
ac_cv_func_inet_ntoa='yes'
ac_cv_func_mempcpy='yes'
ac_cv_func_mmap_fixed_mapped='yes'
ac_cv_func_munmap='yes'
ac_cv_func_putenv='yes'
ac_cv_func_setenv='yes'
ac_cv_func_setlocale='yes'
ac_cv_func_socket='yes'
ac_cv_func_stpcpy='yes'
ac_cv_func_strcasecmp='yes'
ac_cv_func_strchr='yes'
ac_cv_func_strdup='yes'
ac_cv_func_strtoul='yes'
ac_cv_func_tsearch='yes'
ac_cv_gnu_library_2_1='yes'
ac_cv_header_argz_h='yes'
ac_cv_header_inttypes_h='yes'
ac_cv_header_limits_h='yes'
ac_cv_header_locale_h='yes'
ac_cv_header_malloc_h='yes'
ac_cv_header_memory_h='yes'
ac_cv_header_nl_types_h='yes'
ac_cv_header_stdc='yes'
ac_cv_header_stddef_h='yes'
ac_cv_header_stdint_h='yes'
ac_cv_header_stdlib_h='yes'
ac_cv_header_string_h='yes'
ac_cv_header_strings_h='yes'
ac_cv_header_sys_param_h='yes'
ac_cv_header_sys_stat_h='yes'
ac_cv_header_sys_types_h='yes'
ac_cv_header_unistd_h='yes'
ac_cv_host='x86_64-unknown-linux-gnu'
ac_cv_host_alias='x86_64-unknown-linux-gnu'
ac_cv_lib_inet_main='no'
ac_cv_objext='o'
ac_cv_path_MSGINIT='/usr/bin/msginit'
ac_cv_path_ac_pt_PKG_CONFIG='/usr/bin/pkg-config'
ac_cv_path_ac_pt_WINDRES='none'
ac_cv_path_install='/usr/bin/install -c'
ac_cv_prog_CPP='gcc -E'
ac_cv_prog_CTAGS='ctags'
ac_cv_prog_ETAGS='etags'
ac_cv_prog_MAKE_LOWER_TAGS='yes'
ac_cv_prog_MAKE_UPPER_TAGS='yes'
ac_cv_prog_YACC='bison -y'
ac_cv_prog_ac_ct_AR='ar'
ac_cv_prog_ac_ct_CC='gcc'
ac_cv_prog_ac_ct_RANLIB='ranlib'
ac_cv_prog_cc_g='yes'
ac_cv_prog_cc_stdc=''
ac_cv_prog_make_make_set='yes'
ac_cv_sys_file_offset_bits='no'
ac_cv_sys_large_files='no'
ac_cv_sys_largefile_CC='no'
ac_cv_sys_largefile_source='no'
ac_cv_target='x86_64-unknown-linux-gnu'
ac_cv_target_alias='x86_64-unknown-linux-gnu'
ac_cv_type_off_t='yes'
ac_cv_type_size_t='yes'
ac_cv_working_alloca_h='yes'
am_cv_func_iconv='yes'
am_cv_langinfo_codeset='yes'
am_cv_proto_iconv_arg1=''
am_cv_proto_iconv_const='no'
am_cv_val_LC_MESSAGES='yes'
cf_cv_SYSTEM_MAIL='/usr/sbin/sendmail'
cf_cv_ansi_cc='-DCC_HAS_PROTOS'
cf_cv_ar_flags='-curv'
cf_cv_curses_dir='no'
cf_cv_curses_incdir='no'
cf_cv_define_sigwinch='yes'
cf_cv_find_linkage_iconv='yes'
cf_cv_gnu_source='yes'
cf_cv_gnutls_compat='no'
cf_cv_have_inet_aton='yes'
cf_cv_header_path_iconv='/usr/include'
cf_cv_library_path_iconv='/usr/lib'
cf_cv_makeflags=''
cf_cv_mixedcase='yes'
cf_cv_ncurses_header='none'
cf_cv_netlibs=''
cf_cv_screen='curses'
cf_cv_struct_dirent64='no'
cf_cv_system_mail_flags='-t -oi'
cf_cv_system_name='linux-gnu'
cf_cv_use_libgnutls='no'
cf_cv_use_libnss_compat='no'
cf_cv_use_libsocks='no'
cf_cv_use_libsocks5='no'
cf_cv_use_libssl='no'
nls_cv_header_intl=''
nls_cv_header_libgt=''

## ------------ ##
## confdefs.h.  ##
## ------------ ##

#define SYSTEM_NAME "linux-gnu"
#define MIXEDCASE_FILENAMES 1
#define UNIX 1
#define CC_HAS_PROTOS 1
#define HAVE_FSEEKO 1
#define STDC_HEADERS 1
#define HAVE_SYS_TYPES_H 1
#define HAVE_SYS_STAT_H 1
#define HAVE_STDLIB_H 1
#define HAVE_STRING_H 1
#define HAVE_MEMORY_H 1
#define HAVE_STRINGS_H 1
#define HAVE_INTTYPES_H 1
#define HAVE_STDINT_H 1
#define HAVE_UNISTD_H 1
#define HAVE_ALLOCA_H 1
#define HAVE_ALLOCA 1
#define HAVE_STDLIB_H 1
#define HAVE_UNISTD_H 1
#define HAVE_GETPAGESIZE 1
#define HAVE_MMAP 1
#define HAVE_ARGZ_H 1
#define HAVE_LIMITS_H 1
#define HAVE_LOCALE_H 1
#define HAVE_NL_TYPES_H 1
#define HAVE_MALLOC_H 1
#define HAVE_STDDEF_H 1
#define HAVE_STDLIB_H 1
#define HAVE_STRING_H 1
#define HAVE_UNISTD_H 1
#define HAVE_SYS_PARAM_H 1
#define HAVE_FEOF_UNLOCKED 1
#define HAVE_FGETS_UNLOCKED 1
#define HAVE_GETCWD 1
#define HAVE_GETEGID 1
#define HAVE_GETEUID 1
#define HAVE_GETGID 1
#define HAVE_GETUID 1
#define HAVE_MEMPCPY 1
#define HAVE_MUNMAP 1
#define HAVE_PUTENV 1
#define HAVE_SETENV 1
#define HAVE_SETLOCALE 1
#define HAVE_STPCPY 1
#define HAVE_STRCHR 1
#define HAVE_STRCASECMP 1
#define HAVE_STRDUP 1
#define HAVE_STRTOUL 1
#define HAVE_TSEARCH 1
#define HAVE___ARGZ_COUNT 1
#define HAVE___ARGZ_STRINGIFY 1
#define HAVE___ARGZ_NEXT 1
#define HAVE_ICONV 1
#define ICONV_CONST 
#define HAVE_LANGINFO_CODESET 1
#define HAVE_LC_MESSAGES 1
#define SYSTEM_MAIL "/usr/sbin/sendmail"
#define SYSTEM_MAIL_FLAGS "-t -oi"
#define HAVE_GETHOSTNAME 1
#define HAVE_SOCKET 1
#define HAVE_GETHOSTBYNAME 1
#define HAVE_INET_NTOA 1
#define HAVE_GETHOSTBYNAME 1
#define HAVE_STRCASECMP 1
#define HAVE_INET_ATON 1


configure: exit 1
